<?xml version="1.0" encoding="UTF-8"?>
<!-- Generated by org.testng.reporters.JUnitReportReporter -->
<testsuite ignored="0" hostname="DESKTOP-MKIV05U" failures="0" tests="1" name="vts.testcases.Notifications_Activity" time="88.077" errors="0" timestamp="01 Mar 2021 12:48:56 GMT" skipped="0">
  <testcase classname="vts.testcases.Notifications_Activity" name="validReportData" time="88.077"/>
</testsuite> <!-- vts.testcases.Notifications_Activity -->
