<?xml version="1.0" encoding="UTF-8"?>
<!-- Generated by org.testng.reporters.JUnitReportReporter -->
<<<<<<< HEAD
<testsuite name="vts.testcases.TestCases" tests="8" time="311.863" ignored="0" failures="0" timestamp="26 Feb 2021 12:31:09 GMT" skipped="0" hostname="DESKTOP-8I8D29H" errors="0">
  <testcase name="TC004_validateFeedback" time="35.804" classname="vts.testcases.TestCases"/>
  <testcase name="TC007_validateEditProfile" time="31.476" classname="vts.testcases.TestCases"/>
  <testcase name="TC001_validateLogin" time="34.232" classname="vts.testcases.TestCases"/>
  <testcase name="TC005_validateVehicleConfig" time="21.196" classname="vts.testcases.TestCases"/>
  <testcase name="TC008_validateTripsData" time="51.729" classname="vts.testcases.TestCases"/>
  <testcase name="TC006_validateGeofence" time="80.656" classname="vts.testcases.TestCases"/>
  <testcase name="TC002_validateHome" time="9.414" classname="vts.testcases.TestCases"/>
  <testcase name="TC003_validateService" time="47.356" classname="vts.testcases.TestCases"/>
=======
<testsuite ignored="0" hostname="DESKTOP-MKIV05U" failures="0" tests="4" name="vts.testcases.TestCases" time="0.005" errors="0" timestamp="26 Jan 2021 12:28:24 GMT" skipped="4">
  <testcase classname="vts.testcases.TestCases" name="TC003_validateService" time="0.002">
    <skipped/>
  </testcase> <!-- TC003_validateService -->
  <testcase classname="vts.testcases.TestCases" name="TC002_validateHome" time="0.001">
    <skipped/>
  </testcase> <!-- TC002_validateHome -->
  <testcase classname="vts.testcases.TestCases" name="TC001_validateLogin" time="0.001">
    <skipped/>
  </testcase> <!-- TC001_validateLogin -->
  <testcase classname="vts.testcases.TestCases" name="TC004_validateFeedback" time="0.001">
    <skipped/>
  </testcase> <!-- TC004_validateFeedback -->
>>>>>>> 760269433ceb032aa4883e1201bd1b61dcd0e6cc
</testsuite> <!-- vts.testcases.TestCases -->
