<?xml version="1.0" encoding="UTF-8"?>
<!-- Generated by org.testng.reporters.JUnitReportReporter -->
<testsuite name="vts.testcases.Registration" tests="1" time="60.569" ignored="0" failures="0" timestamp="10 Dec 2020 12:35:45 GMT" skipped="0" hostname="DESKTOP-8I8D29H" errors="0">
  <testcase name="validateRegistration" time="60.569" classname="vts.testcases.Registration"/>
</testsuite> <!-- vts.testcases.Registration -->
