<?xml version="1.0" encoding="UTF-8"?>
<!-- Generated by org.testng.reporters.JUnitReportReporter -->
<testsuite ignored="0" hostname="DESKTOP-MKIV05U" failures="0" tests="1" name="vts.testcases.Service" time="0.001" errors="0" timestamp="26 Jan 2021 12:28:24 GMT" skipped="1">
  <testcase classname="vts.testcases.Service" name="validateService" time="0.001">
    <skipped/>
  </testcase> <!-- validateService -->
</testsuite> <!-- vts.testcases.Service -->
