<?xml version="1.0" encoding="UTF-8"?>
<!-- Generated by org.testng.reporters.JUnitReportReporter -->
<testsuite name="vts.testcases.EditProfile" tests="1" time="22.797" ignored="0" failures="0" timestamp="17 Nov 2020 10:40:36 GMT" skipped="0" hostname="DESKTOP-8I8D29H" errors="0">
  <testcase name="validateEditProfile" time="22.797" classname="vts.testcases.EditProfile"/>
</testsuite> <!-- vts.testcases.EditProfile -->
