<?xml version="1.0" encoding="UTF-8"?>
<!-- Generated by org.testng.reporters.JUnitReportReporter -->
<testsuite name="vts.testcases.Home" tests="1" time="12.276" ignored="0" failures="0" timestamp="17 Nov 2020 10:40:36 GMT" skipped="0" hostname="DESKTOP-8I8D29H" errors="0">
  <testcase name="validateHome" time="12.276" classname="vts.testcases.Home"/>
</testsuite> <!-- vts.testcases.Home -->
