<?xml version="1.0" encoding="UTF-8"?>
<!-- Generated by org.testng.reporters.JUnitReportReporter -->
<testsuite name="vts.testcases.feedback" tests="1" time="40.873" ignored="0" failures="0" timestamp="27 Dec 2020 08:30:57 GMT" skipped="0" hostname="DESKTOP-8I8D29H" errors="0">
  <testcase name="api" time="40.873" classname="vts.testcases.feedback"/>
</testsuite> <!-- vts.testcases.feedback -->
