<?xml version="1.0" encoding="UTF-8"?>
<!-- Generated by org.testng.reporters.JUnitReportReporter -->
<testsuite name="vts.testcases.Login" tests="1" time="39.750" ignored="0" failures="0" timestamp="19 Nov 2020 13:09:26 GMT" skipped="0" hostname="DESKTOP-8I8D29H" errors="0">
  <testcase name="validateLogin" time="39.750" classname="vts.testcases.Login"/>
</testsuite> <!-- vts.testcases.Login -->
